<?xml version="1.0" encoding="UTF-8"?>
<!-- Generated by org.testng.reporters.JUnitXMLReporter -->
<testsuite ignored="1" hostname="DESKTOP-3IMF4AD" failures="1" tests="3" name="Default test(failed)" time="10.126" errors="0" timestamp="2022-07-27T21:15:09 IST">
  <testcase classname="TestCases.LoginPageTests" name="verifyTitleTest" time="0.032">
    <failure type="java.lang.AssertionError" message="expected [Kite - Zerodha&amp;apos;s fast and elegant flagship trading platform] but found [1Kite - Zerodha&amp;apos;s fast and elegant flagship trading platform]">
      <![CDATA[java.lang.AssertionError: expected [Kite - Zerodha's fast and elegant flagship trading platform] but found [1Kite - Zerodha's fast and elegant flagship trading platform]
at TestCases.LoginPageTests.verifyTitleTest(LoginPageTests.java:37)
at java.base/java.util.ArrayList.forEach(ArrayList.java:1541)
... Removed 33 stack frames]]>
    </failure>
  </testcase> <!-- verifyTitleTest -->
  <testcase classname="TestCases.LoginPageTests" name="loginToAppTest" time="0.0">
    <skipped/>
  </testcase> <!-- loginToAppTest -->
  <testcase classname="TestCases.LoginPageTests" name="verifyKitiLogoTest" time="0.0">
    <skipped/>
  </testcase> <!-- verifyKitiLogoTest -->
  <testcase classname="TestCases.LoginPageTests" name="verifyZerodhaLogoTest" time="0.0">
    <ignored/>
  </testcase> <!-- verifyZerodhaLogoTest -->
</testsuite> <!-- Default test(failed) -->
